2018-Mar-09 19:46:49.493223 INFO [daemon] fifobitsecuredcurrency v1.1.1.1()
2018-Mar-09 19:46:49.493405 INFO [daemon] Module folder: ./fifobitsecuredcurrencyd
2018-Mar-09 19:46:49.493903 INFO [daemon] Initializing p2p server...
2018-Mar-09 19:46:49.494067 INFO [node_server] Binding on 0.0.0.0:14824
2018-Mar-09 19:46:49.494133 INFO [node_server] Net service binded on 0.0.0.0:14824
2018-Mar-09 19:46:49.494169 INFO [node_server] Attempting to add IGD port mapping.
2018-Mar-09 19:46:53.500152 INFO [node_server] No IGD was found.
2018-Mar-09 19:46:53.500229 INFO [daemon] P2p server initialized OK
2018-Mar-09 19:46:53.500258 INFO [daemon] Initializing core...
2018-Mar-09 19:46:53.500313 INFO [Blockchain] Loading blockchain...
2018-Mar-09 19:46:53.500389 WARNING [Blockchain] No actual blockchain cache found, rebuilding internal structures...
2018-Mar-09 19:46:53.500425 INFO [Blockchain] Height 0 of 1
2018-Mar-09 19:46:53.500464 INFO [Blockchain] Rebuilding internal structures took: 4.0363e-05
2018-Mar-09 19:46:53.500506 INFO [Blockchain] Loading blockchain indices for BlockchainExplorer...
2018-Mar-09 19:46:53.500542 WARNING [Blockchain] No actual blockchain indices for BlockchainExplorer found, rebuilding...
2018-Mar-09 19:46:53.500571 INFO [Blockchain] Height 0 of 1
2018-Mar-09 19:46:53.500600 INFO [Blockchain] Rebuilding blockchain indices took: 3.0114e-05
2018-Mar-09 19:46:53.500647 INFO [Blockchain] Blockchain initialized. last block: 0, d2074.h9.m16.s53 time ago, current difficulty: 1
2018-Mar-09 19:46:53.500674 INFO [daemon] Core initialized OK
2018-Mar-09 19:46:53.500737 INFO [daemon] Starting core rpc server on address 127.0.0.1:14825
2018-Mar-09 19:46:53.500799 INFO [daemon] Core rpc server started ok
2018-Mar-09 19:46:53.500833 INFO [daemon] Starting p2p net loop...
2018-Mar-09 19:46:53.500858 INFO [node_server] Starting node_server
2018-Mar-09 19:46:58.225805 ERROR [node_server] Failed to connect to any of seed peers, continuing without seeds
2018-Mar-09 19:46:58.225880 INFO [core] 
2018-Mar-09 19:46:58.225880 INFO [core] **********************************************************************
2018-Mar-09 19:46:58.225880 INFO [core] The daemon will start synchronizing with the network. It may take up to several hours.
2018-Mar-09 19:46:58.225880 INFO [core] 
2018-Mar-09 19:46:58.225880 INFO [core] You can set the level of process detailization* through "set_log <level>" command*, where <level> is between 0 (no details) and 4 (very verbose).
2018-Mar-09 19:46:58.225880 INFO [core] 
2018-Mar-09 19:46:58.225880 INFO [core] Use "help" command to see the list of available commands.
2018-Mar-09 19:46:58.225880 INFO [core] 
2018-Mar-09 19:46:58.225880 INFO [core] Note: in case you need to interrupt the process, use "exit" command. Otherwise, the current progress won't be saved.
2018-Mar-09 19:46:58.225880 INFO [core] **********************************************************************
2018-Mar-09 19:47:04.877626 ERROR [node_server] Failed to connect to any of seed peers, continuing without seeds
2018-Mar-09 19:47:08.212372 INFO [node_server] Stop signal sent
2018-Mar-09 19:47:08.212456 INFO [node_server] Stopping NodeServer and it's0 connections...
2018-Mar-09 19:47:11.294067 ERROR [node_server] Failed to connect to any of seed peers, continuing without seeds
2018-Mar-09 19:47:12.295541 INFO [node_server] NodeServer loop stopped
2018-Mar-09 19:47:12.295607 INFO [daemon] p2p net loop stopped
2018-Mar-09 19:47:12.295635 INFO [daemon] Stopping core rpc server...
2018-Mar-09 19:47:12.295690 INFO [daemon] Deinitializing core...
2018-Mar-09 19:47:12.295717 INFO [miner] Mining has been stopped, 0 finished
2018-Mar-09 19:47:12.295794 INFO [Blockchain] Saving blockchain...
2018-Mar-09 19:47:12.295842 INFO [BlockCacheSerializer] - saving block index...
2018-Mar-09 19:47:12.295872 INFO [BlockCacheSerializer] - saving transaction map...
2018-Mar-09 19:47:12.295899 INFO [BlockCacheSerializer] - saving spent keys...
2018-Mar-09 19:47:12.295925 INFO [BlockCacheSerializer] - saving outputs...
2018-Mar-09 19:47:12.295950 INFO [BlockCacheSerializer] - saving multi-signature outputs...
2018-Mar-09 19:47:12.295981 INFO [BlockCacheSerializer] Serialization time: 0ms
2018-Mar-09 19:47:12.296014 INFO [Blockchain] Saving blockchain indices...
2018-Mar-09 19:47:12.296049 INFO [BlockchainIndicesSerializer] - saving paymentID index...
2018-Mar-09 19:47:12.296076 INFO [BlockchainIndicesSerializer] - saving timestamp index...
2018-Mar-09 19:47:12.296103 INFO [BlockchainIndicesSerializer] - saving generated transactions index...
2018-Mar-09 19:47:12.296135 INFO [daemon] Deinitializing p2p...
2018-Mar-09 19:47:12.296338 INFO [miner] Mining has been stopped, 0 finished
2018-Mar-09 19:47:12.296541 INFO [daemon] Node stopped.
